2026-02-26 13:41:03,075 - INFO - 这是中文日志输出测试
2026-02-26 13:41:03,097 - INFO - 过滤后保留了 6 个类别: ['BlurryFocus', 'NoPackage', 'NoWaybill', 'None', 'TruncatedBarcode', 'WrinkledWaybill']
2026-02-26 13:41:03,358 - INFO - Starting training on cpu...
2026-02-26 13:41:06,999 - INFO - 这是中文日志输出测试
2026-02-26 13:41:10,782 - INFO - 这是中文日志输出测试
2026-02-26 13:41:14,497 - INFO - 这是中文日志输出测试
2026-02-26 13:41:17,991 - INFO - 这是中文日志输出测试
2026-02-26 13:41:34,610 - INFO - 过滤后保留了 6 个类别: ['BlurryFocus', 'NoPackage', 'NoWaybill', 'None', 'TruncatedBarcode', 'WrinkledWaybill']
2026-02-26 13:41:34,872 - INFO - Starting training on cpu...
2026-02-26 13:42:40,351 - INFO - 过滤后保留了 6 个类别: ['BlurryFocus', 'NoPackage', 'NoWaybill', 'None', 'TruncatedBarcode', 'WrinkledWaybill']
2026-02-26 13:42:40,600 - INFO - Starting training on cpu...
2026-02-26 13:45:18,063 - INFO - Epoch 1 - Loss: 1.6910 | Val Acc: 0.1414 | LR: 0.000100
2026-02-26 13:45:18,137 - INFO - ---> Best model saved with Acc: 0.1414
2026-02-26 13:47:47,296 - INFO - Epoch 2 - Loss: 1.3970 | Val Acc: 0.2827 | LR: 0.000100
2026-02-26 13:47:47,367 - INFO - ---> Best model saved with Acc: 0.2827
2026-02-26 13:50:21,572 - INFO - Epoch 3 - Loss: 1.1863 | Val Acc: 0.4084 | LR: 0.000100
2026-02-26 13:50:21,644 - INFO - ---> Best model saved with Acc: 0.4084
2026-02-26 13:52:59,209 - INFO - Epoch 4 - Loss: 1.0275 | Val Acc: 0.5550 | LR: 0.000100
2026-02-26 13:52:59,284 - INFO - ---> Best model saved with Acc: 0.5550
2026-02-26 13:55:39,210 - INFO - Epoch 5 - Loss: 0.8320 | Val Acc: 0.5445 | LR: 0.000100
2026-02-26 13:58:25,131 - INFO - Epoch 6 - Loss: 0.8159 | Val Acc: 0.5602 | LR: 0.000100
2026-02-26 13:58:25,211 - INFO - ---> Best model saved with Acc: 0.5602
2026-02-26 14:01:23,681 - INFO - Epoch 7 - Loss: 0.7451 | Val Acc: 0.5550 | LR: 0.000100
2026-02-26 14:04:19,034 - INFO - Epoch 8 - Loss: 0.7087 | Val Acc: 0.5654 | LR: 0.000100
2026-02-26 14:04:19,116 - INFO - ---> Best model saved with Acc: 0.5654
2026-02-26 14:07:16,159 - INFO - Epoch 9 - Loss: 0.6124 | Val Acc: 0.4869 | LR: 0.000100
2026-02-26 14:10:13,522 - INFO - Epoch 10 - Loss: 0.5567 | Val Acc: 0.5916 | LR: 0.000100
2026-02-26 14:10:13,600 - INFO - ---> Best model saved with Acc: 0.5916
2026-02-26 14:13:13,980 - INFO - Epoch 11 - Loss: 0.5836 | Val Acc: 0.5497 | LR: 0.000100
2026-02-26 14:38:49,299 - INFO - Epoch 12 - Loss: 0.4980 | Val Acc: 0.6859 | LR: 0.000100
2026-02-26 14:38:49,387 - INFO - ---> Best model saved with Acc: 0.6859
2026-02-26 14:41:39,642 - INFO - Epoch 13 - Loss: 0.5161 | Val Acc: 0.6126 | LR: 0.000100
2026-02-26 14:44:30,407 - INFO - Epoch 14 - Loss: 0.5067 | Val Acc: 0.5864 | LR: 0.000100
2026-02-26 14:47:20,510 - INFO - Epoch 15 - Loss: 0.4686 | Val Acc: 0.5393 | LR: 0.000100
2026-02-26 14:50:17,859 - INFO - Epoch 16 - Loss: 0.5162 | Val Acc: 0.6440 | LR: 0.000050
2026-02-26 14:52:43,572 - INFO - Epoch 17 - Loss: 0.4764 | Val Acc: 0.5916 | LR: 0.000050
2026-02-26 14:55:02,177 - INFO - Epoch 18 - Loss: 0.3907 | Val Acc: 0.6073 | LR: 0.000050
2026-02-26 14:57:20,761 - INFO - Epoch 19 - Loss: 0.4137 | Val Acc: 0.6178 | LR: 0.000050
2026-02-26 14:59:38,013 - INFO - Epoch 20 - Loss: 0.3937 | Val Acc: 0.5969 | LR: 0.000025
2026-02-26 14:59:38,035 - INFO - 
                  precision    recall  f1-score   support

     BlurryFocus       0.00      0.00      0.00         1
       NoPackage       1.00      0.57      0.73        14
       NoWaybill       0.83      0.85      0.84       113
            None       0.17      0.05      0.07        42
TruncatedBarcode       0.00      0.00      0.00         1
 WrinkledWaybill       0.53      0.40      0.46        20

        accuracy                           0.60       191
       macro avg       0.42      0.31      0.35       191
    weighted avg       0.66      0.60      0.61       191

2026-02-26 16:41:36,996 - INFO - 过滤后保留了 4 个类别: ['NoPackage', 'NoWaybill', 'TruncatedBarcode', 'WrinkledWaybill']
2026-02-26 16:41:37,327 - INFO - Starting training on cpu...
2026-02-26 16:43:50,786 - INFO - Epoch 1 - Loss: 1.3358 | Val Acc: 0.2910 | LR: 0.000100
2026-02-26 16:43:50,879 - INFO - ---> Best model saved with Acc: 0.2910
2026-02-26 16:46:01,039 - INFO - Epoch 2 - Loss: 1.2271 | Val Acc: 0.2963 | LR: 0.000100
2026-02-26 16:46:01,121 - INFO - ---> Best model saved with Acc: 0.2963
2026-02-26 16:48:11,512 - INFO - Epoch 3 - Loss: 1.0165 | Val Acc: 0.4974 | LR: 0.000100
2026-02-26 16:48:11,597 - INFO - ---> Best model saved with Acc: 0.4974
2026-02-26 16:50:20,560 - INFO - Epoch 4 - Loss: 0.7989 | Val Acc: 0.5238 | LR: 0.000100
2026-02-26 16:50:20,642 - INFO - ---> Best model saved with Acc: 0.5238
2026-02-26 16:52:30,304 - INFO - Epoch 5 - Loss: 0.7814 | Val Acc: 0.6878 | LR: 0.000100
2026-02-26 16:52:30,384 - INFO - ---> Best model saved with Acc: 0.6878
2026-02-26 16:54:39,487 - INFO - Epoch 6 - Loss: 0.7351 | Val Acc: 0.6508 | LR: 0.000100
2026-02-26 16:56:48,185 - INFO - Epoch 7 - Loss: 0.6769 | Val Acc: 0.6190 | LR: 0.000100
2026-02-26 16:58:57,364 - INFO - Epoch 8 - Loss: 0.6146 | Val Acc: 0.7090 | LR: 0.000100
2026-02-26 16:58:57,444 - INFO - ---> Best model saved with Acc: 0.7090
2026-02-26 17:01:07,037 - INFO - Epoch 9 - Loss: 0.5964 | Val Acc: 0.7672 | LR: 0.000100
2026-02-26 17:01:07,119 - INFO - ---> Best model saved with Acc: 0.7672
2026-02-26 17:03:15,604 - INFO - Epoch 10 - Loss: 0.5703 | Val Acc: 0.6561 | LR: 0.000100
2026-02-26 17:05:25,259 - INFO - Epoch 11 - Loss: 0.5460 | Val Acc: 0.6878 | LR: 0.000100
2026-02-26 17:07:38,016 - INFO - Epoch 12 - Loss: 0.5153 | Val Acc: 0.7460 | LR: 0.000100
2026-02-26 17:09:51,629 - INFO - Epoch 13 - Loss: 0.4915 | Val Acc: 0.7143 | LR: 0.000050
2026-02-26 17:12:04,907 - INFO - Epoch 14 - Loss: 0.4484 | Val Acc: 0.7513 | LR: 0.000050
2026-02-26 17:14:18,629 - INFO - Epoch 15 - Loss: 0.4358 | Val Acc: 0.7407 | LR: 0.000050
2026-02-26 17:16:30,689 - INFO - Epoch 16 - Loss: 0.4521 | Val Acc: 0.7725 | LR: 0.000050
2026-02-26 17:16:30,777 - INFO - ---> Best model saved with Acc: 0.7725
2026-02-26 17:18:39,985 - INFO - Epoch 17 - Loss: 0.4571 | Val Acc: 0.7249 | LR: 0.000050
2026-02-26 17:20:49,771 - INFO - Epoch 18 - Loss: 0.4381 | Val Acc: 0.7513 | LR: 0.000050
2026-02-26 17:22:59,555 - INFO - Epoch 19 - Loss: 0.4342 | Val Acc: 0.7566 | LR: 0.000050
2026-02-26 17:25:08,803 - INFO - Epoch 20 - Loss: 0.4334 | Val Acc: 0.7460 | LR: 0.000025
2026-02-26 17:25:08,830 - INFO - 
                  precision    recall  f1-score   support

       NoPackage       0.88      0.50      0.64        14
       NoWaybill       0.77      0.93      0.84       113
TruncatedBarcode       0.56      0.48      0.51        42
 WrinkledWaybill       1.00      0.45      0.62        20

        accuracy                           0.75       189
       macro avg       0.80      0.59      0.65       189
    weighted avg       0.76      0.75      0.73       189

