2026-04-11 14:29:10,822 - INFO - 训练类别: ['NoWaybill', 'TruncatedBarcode', 'WrinkledWaybill', 'NoPackage']
2026-04-11 14:29:10,822 - INFO - Train class distribution:
2026-04-11 14:29:10,823 - INFO -   - NoWaybill           : 5151
2026-04-11 14:29:10,823 - INFO -   - TruncatedBarcode    : 2139
2026-04-11 14:29:10,823 - INFO -   - WrinkledWaybill     : 1430
2026-04-11 14:29:10,823 - INFO -   - NoPackage           : 437
2026-04-11 14:29:10,823 - INFO - Val class distribution:
2026-04-11 14:29:10,823 - INFO -   - NoWaybill           : 112
2026-04-11 14:29:10,823 - INFO -   - TruncatedBarcode    : 37
2026-04-11 14:29:10,823 - INFO -   - WrinkledWaybill     : 19
2026-04-11 14:29:10,823 - INFO -   - NoPackage           : 13
2026-04-11 14:35:37,460 - INFO - 训练类别: ['NoWaybill', 'TruncatedBarcode', 'WrinkledWaybill', 'NoPackage']
2026-04-11 14:35:37,461 - INFO - Train class distribution:
2026-04-11 14:35:37,461 - INFO -   - NoWaybill           : 5151
2026-04-11 14:35:37,461 - INFO -   - TruncatedBarcode    : 2139
2026-04-11 14:35:37,461 - INFO -   - WrinkledWaybill     : 1430
2026-04-11 14:35:37,461 - INFO -   - NoPackage           : 437
2026-04-11 14:35:37,461 - INFO - Val class distribution:
2026-04-11 14:35:37,461 - INFO -   - NoWaybill           : 112
2026-04-11 14:35:37,461 - INFO -   - TruncatedBarcode    : 37
2026-04-11 14:35:37,461 - INFO -   - WrinkledWaybill     : 19
2026-04-11 14:35:37,461 - INFO -   - NoPackage           : 13
2026-04-11 14:35:37,752 - INFO - Training on device: cuda
2026-04-11 14:35:37,752 - INFO - Classes: ['NoWaybill', 'TruncatedBarcode', 'WrinkledWaybill', 'NoPackage']
2026-04-11 14:35:37,752 - INFO - Batch size: 192, Epochs: 40
2026-04-11 14:39:23,189 - INFO - Epoch 01 | Loss: 0.3388 | Val Acc: 0.7017 | Val Macro-F1: 0.5282 | LR: 3.000000e-04
2026-04-11 14:39:23,190 - INFO -   [NoWaybill         ] P: 0.7863 | R: 0.9196 | F1: 0.8477 | N: 112
2026-04-11 14:39:23,190 - INFO -   [TruncatedBarcode  ] P: 0.3929 | R: 0.2973 | F1: 0.3385 | N: 37
2026-04-11 14:39:23,190 - INFO -   [WrinkledWaybill   ] P: 0.6429 | R: 0.4737 | F1: 0.5455 | N: 19
2026-04-11 14:39:23,190 - INFO -   [NoPackage         ] P: 0.5000 | R: 0.3077 | F1: 0.3810 | N: 13
2026-04-11 14:39:23,190 - INFO - Confusion Matrix:
GT\Pred             NoWaybill       TruncatedBarco  WrinkledWaybil  NoPackage       
NoWaybill           103             7               2               0               
TruncatedBarcode    20              11              2               4               
WrinkledWaybill     4               6               9               0               
NoPackage           4               4               1               4               
2026-04-11 14:39:23,236 - INFO - [F1 Improved] Saved to checkpoints_resnet18_4cls_vfinal/best_f1_model.pth
2026-04-11 14:39:23,275 - INFO - [Acc Improved] Saved to checkpoints_resnet18_4cls_vfinal/best_acc_model.pth
2026-04-11 14:39:23,313 - INFO - Best Classification Report:
                  precision    recall  f1-score   support

       NoWaybill       0.79      0.92      0.85       112
TruncatedBarcode       0.39      0.30      0.34        37
 WrinkledWaybill       0.64      0.47      0.55        19
       NoPackage       0.50      0.31      0.38        13

        accuracy                           0.70       181
       macro avg       0.58      0.50      0.53       181
    weighted avg       0.67      0.70      0.68       181

2026-04-11 14:43:37,396 - INFO - Epoch 02 | Loss: 0.0891 | Val Acc: 0.6022 | Val Macro-F1: 0.4936 | LR: 3.000000e-04
2026-04-11 14:43:37,396 - INFO -   [NoWaybill         ] P: 0.8387 | R: 0.6964 | F1: 0.7610 | N: 112
2026-04-11 14:43:37,396 - INFO -   [TruncatedBarcode  ] P: 0.4138 | R: 0.3243 | F1: 0.3636 | N: 37
2026-04-11 14:43:37,396 - INFO -   [WrinkledWaybill   ] P: 0.5000 | R: 0.6316 | F1: 0.5581 | N: 19
2026-04-11 14:43:37,396 - INFO -   [NoPackage         ] P: 0.2000 | R: 0.5385 | F1: 0.2917 | N: 13
2026-04-11 14:43:37,396 - INFO - Confusion Matrix:
GT\Pred             NoWaybill       TruncatedBarco  WrinkledWaybil  NoPackage       
NoWaybill           78              10              8               16              
TruncatedBarcode    12              12              3               10              
WrinkledWaybill     2               3               12              2               
NoPackage           1               4               1               7               
2026-04-11 14:47:50,439 - INFO - Epoch 03 | Loss: 0.0523 | Val Acc: 0.6077 | Val Macro-F1: 0.5696 | LR: 3.000000e-04
2026-04-11 14:47:50,440 - INFO -   [NoWaybill         ] P: 0.8800 | R: 0.5893 | F1: 0.7059 | N: 112
2026-04-11 14:47:50,440 - INFO -   [TruncatedBarcode  ] P: 0.3521 | R: 0.6757 | F1: 0.4630 | N: 37
2026-04-11 14:47:50,440 - INFO -   [WrinkledWaybill   ] P: 0.4828 | R: 0.7368 | F1: 0.5833 | N: 19
2026-04-11 14:47:50,440 - INFO -   [NoPackage         ] P: 0.8333 | R: 0.3846 | F1: 0.5263 | N: 13
2026-04-11 14:47:50,440 - INFO - Confusion Matrix:
GT\Pred             NoWaybill       TruncatedBarco  WrinkledWaybil  NoPackage       
NoWaybill           66              37              9               0               
TruncatedBarcode    6               25              5               1               
WrinkledWaybill     1               4               14              0               
NoPackage           2               5               1               5               
2026-04-11 14:47:50,593 - INFO - [F1 Improved] Saved to checkpoints_resnet18_4cls_vfinal/best_f1_model.pth
2026-04-11 14:47:51,096 - INFO - Best Classification Report:
                  precision    recall  f1-score   support

       NoWaybill       0.88      0.59      0.71       112
TruncatedBarcode       0.35      0.68      0.46        37
 WrinkledWaybill       0.48      0.74      0.58        19
       NoPackage       0.83      0.38      0.53        13

        accuracy                           0.61       181
       macro avg       0.64      0.60      0.57       181
    weighted avg       0.73      0.61      0.63       181

2026-04-11 14:51:17,463 - INFO - Epoch 04 | Loss: 0.0513 | Val Acc: 0.6796 | Val Macro-F1: 0.5760 | LR: 3.000000e-04
2026-04-11 14:51:17,463 - INFO -   [NoWaybill         ] P: 0.8416 | R: 0.7589 | F1: 0.7981 | N: 112
2026-04-11 14:51:17,464 - INFO -   [TruncatedBarcode  ] P: 0.4500 | R: 0.4865 | F1: 0.4675 | N: 37
2026-04-11 14:51:17,464 - INFO -   [WrinkledWaybill   ] P: 0.5357 | R: 0.7895 | F1: 0.6383 | N: 19
2026-04-11 14:51:17,464 - INFO -   [NoPackage         ] P: 0.4167 | R: 0.3846 | F1: 0.4000 | N: 13
2026-04-11 14:51:17,464 - INFO - Confusion Matrix:
GT\Pred             NoWaybill       TruncatedBarco  WrinkledWaybil  NoPackage       
NoWaybill           85              15              8               4               
TruncatedBarcode    13              18              4               2               
WrinkledWaybill     1               2               15              1               
NoPackage           2               5               1               5               
2026-04-11 14:51:17,609 - INFO - [F1 Improved] Saved to checkpoints_resnet18_4cls_vfinal/best_f1_model.pth
2026-04-11 14:51:18,129 - INFO - Best Classification Report:
                  precision    recall  f1-score   support

       NoWaybill       0.84      0.76      0.80       112
TruncatedBarcode       0.45      0.49      0.47        37
 WrinkledWaybill       0.54      0.79      0.64        19
       NoPackage       0.42      0.38      0.40        13

        accuracy                           0.68       181
       macro avg       0.56      0.60      0.58       181
    weighted avg       0.70      0.68      0.69       181

2026-04-11 14:53:44,426 - INFO - Epoch 05 | Loss: 0.0621 | Val Acc: 0.6519 | Val Macro-F1: 0.6115 | LR: 3.000000e-04
2026-04-11 14:53:44,427 - INFO -   [NoWaybill         ] P: 0.8462 | R: 0.6875 | F1: 0.7586 | N: 112
2026-04-11 14:53:44,427 - INFO -   [TruncatedBarcode  ] P: 0.3455 | R: 0.5135 | F1: 0.4130 | N: 37
2026-04-11 14:53:44,427 - INFO -   [WrinkledWaybill   ] P: 0.6522 | R: 0.7895 | F1: 0.7143 | N: 19
2026-04-11 14:53:44,427 - INFO -   [NoPackage         ] P: 0.5833 | R: 0.5385 | F1: 0.5600 | N: 13
2026-04-11 14:53:44,427 - INFO - Confusion Matrix:
GT\Pred             NoWaybill       TruncatedBarco  WrinkledWaybil  NoPackage       
NoWaybill           77              30              3               2               
TruncatedBarcode    11              19              4               3               
WrinkledWaybill     2               2               15              0               
NoPackage           1               4               1               7               
2026-04-11 14:53:44,569 - INFO - [F1 Improved] Saved to checkpoints_resnet18_4cls_vfinal/best_f1_model.pth
2026-04-11 14:53:45,026 - INFO - [Periodic Save] latest checkpoint updated at epoch 5
2026-04-11 14:53:45,027 - INFO - Best Classification Report:
                  precision    recall  f1-score   support

       NoWaybill       0.85      0.69      0.76       112
TruncatedBarcode       0.35      0.51      0.41        37
 WrinkledWaybill       0.65      0.79      0.71        19
       NoPackage       0.58      0.54      0.56        13

        accuracy                           0.65       181
       macro avg       0.61      0.63      0.61       181
    weighted avg       0.70      0.65      0.67       181

2026-04-11 14:56:11,553 - INFO - Epoch 06 | Loss: 0.0382 | Val Acc: 0.6519 | Val Macro-F1: 0.5772 | LR: 3.000000e-04
2026-04-11 14:56:11,553 - INFO -   [NoWaybill         ] P: 0.8636 | R: 0.6786 | F1: 0.7600 | N: 112
2026-04-11 14:56:11,553 - INFO -   [TruncatedBarcode  ] P: 0.4500 | R: 0.4865 | F1: 0.4675 | N: 37
2026-04-11 14:56:11,553 - INFO -   [WrinkledWaybill   ] P: 0.4857 | R: 0.8947 | F1: 0.6296 | N: 19
2026-04-11 14:56:11,553 - INFO -   [NoPackage         ] P: 0.3889 | R: 0.5385 | F1: 0.4516 | N: 13
2026-04-11 14:56:11,553 - INFO - Confusion Matrix:
GT\Pred             NoWaybill       TruncatedBarco  WrinkledWaybil  NoPackage       
NoWaybill           76              17              12              7               
TruncatedBarcode    10              18              5               4               
WrinkledWaybill     0               2               17              0               
NoPackage           2               3               1               7               
2026-04-11 14:58:35,576 - INFO - Epoch 07 | Loss: 0.0275 | Val Acc: 0.7403 | Val Macro-F1: 0.5948 | LR: 3.000000e-04
2026-04-11 14:58:35,576 - INFO -   [NoWaybill         ] P: 0.7778 | R: 0.9375 | F1: 0.8502 | N: 112
2026-04-11 14:58:35,576 - INFO -   [TruncatedBarcode  ] P: 0.5333 | R: 0.4324 | F1: 0.4776 | N: 37
2026-04-11 14:58:35,576 - INFO -   [WrinkledWaybill   ] P: 0.7500 | R: 0.4737 | F1: 0.5806 | N: 19
2026-04-11 14:58:35,576 - INFO -   [NoPackage         ] P: 1.0000 | R: 0.3077 | F1: 0.4706 | N: 13
2026-04-11 14:58:35,576 - INFO - Confusion Matrix:
GT\Pred             NoWaybill       TruncatedBarco  WrinkledWaybil  NoPackage       
NoWaybill           105             5               2               0               
TruncatedBarcode    21              16              0               0               
WrinkledWaybill     5               5               9               0               
NoPackage           4               4               1               4               
2026-04-11 14:58:35,721 - INFO - [Acc Improved] Saved to checkpoints_resnet18_4cls_vfinal/best_acc_model.pth
2026-04-11 15:01:00,738 - INFO - Epoch 08 | Loss: 0.0214 | Val Acc: 0.7017 | Val Macro-F1: 0.6022 | LR: 3.000000e-04
2026-04-11 15:01:00,738 - INFO -   [NoWaybill         ] P: 0.8125 | R: 0.8125 | F1: 0.8125 | N: 112
2026-04-11 15:01:00,738 - INFO -   [TruncatedBarcode  ] P: 0.4444 | R: 0.4324 | F1: 0.4384 | N: 37
2026-04-11 15:01:00,739 - INFO -   [WrinkledWaybill   ] P: 0.6000 | R: 0.7895 | F1: 0.6818 | N: 19
2026-04-11 15:01:00,739 - INFO -   [NoPackage         ] P: 0.6250 | R: 0.3846 | F1: 0.4762 | N: 13
2026-04-11 15:01:00,739 - INFO - Confusion Matrix:
GT\Pred             NoWaybill       TruncatedBarco  WrinkledWaybil  NoPackage       
NoWaybill           91              14              5               2               
TruncatedBarcode    16              16              4               1               
WrinkledWaybill     2               2               15              0               
NoPackage           3               4               1               5               
2026-04-11 15:03:23,614 - INFO - Epoch 09 | Loss: 0.0133 | Val Acc: 0.7514 | Val Macro-F1: 0.6276 | LR: 3.000000e-04
2026-04-11 15:03:23,614 - INFO -   [NoWaybill         ] P: 0.7939 | R: 0.9286 | F1: 0.8560 | N: 112
2026-04-11 15:03:23,615 - INFO -   [TruncatedBarcode  ] P: 0.5714 | R: 0.3243 | F1: 0.4138 | N: 37
2026-04-11 15:03:23,615 - INFO -   [WrinkledWaybill   ] P: 0.6522 | R: 0.7895 | F1: 0.7143 | N: 19
2026-04-11 15:03:23,615 - INFO -   [NoPackage         ] P: 0.8333 | R: 0.3846 | F1: 0.5263 | N: 13
2026-04-11 15:03:23,615 - INFO - Confusion Matrix:
GT\Pred             NoWaybill       TruncatedBarco  WrinkledWaybil  NoPackage       
NoWaybill           104             4               4               0               
TruncatedBarcode    21              12              3               1               
WrinkledWaybill     3               1               15              0               
NoPackage           3               4               1               5               
2026-04-11 15:03:23,761 - INFO - [F1 Improved] Saved to checkpoints_resnet18_4cls_vfinal/best_f1_model.pth
2026-04-11 15:03:24,269 - INFO - [Acc Improved] Saved to checkpoints_resnet18_4cls_vfinal/best_acc_model.pth
2026-04-11 15:03:24,538 - INFO - Best Classification Report:
                  precision    recall  f1-score   support

       NoWaybill       0.79      0.93      0.86       112
TruncatedBarcode       0.57      0.32      0.41        37
 WrinkledWaybill       0.65      0.79      0.71        19
       NoPackage       0.83      0.38      0.53        13

        accuracy                           0.75       181
       macro avg       0.71      0.61      0.63       181
    weighted avg       0.74      0.75      0.73       181

2026-04-11 15:05:47,828 - INFO - Epoch 10 | Loss: 0.0209 | Val Acc: 0.6740 | Val Macro-F1: 0.5878 | LR: 3.000000e-04
2026-04-11 15:05:47,829 - INFO -   [NoWaybill         ] P: 0.8889 | R: 0.7143 | F1: 0.7921 | N: 112
2026-04-11 15:05:47,829 - INFO -   [TruncatedBarcode  ] P: 0.4167 | R: 0.5405 | F1: 0.4706 | N: 37
2026-04-11 15:05:47,829 - INFO -   [WrinkledWaybill   ] P: 0.5152 | R: 0.8947 | F1: 0.6538 | N: 19
2026-04-11 15:05:47,829 - INFO -   [NoPackage         ] P: 0.5000 | R: 0.3846 | F1: 0.4348 | N: 13
2026-04-11 15:05:47,829 - INFO - Confusion Matrix:
GT\Pred             NoWaybill       TruncatedBarco  WrinkledWaybil  NoPackage       
NoWaybill           80              21              9               2               
TruncatedBarcode    8               20              6               3               
WrinkledWaybill     0               2               17              0               
NoPackage           2               5               1               5               
2026-04-11 15:05:47,969 - INFO - [Periodic Save] latest checkpoint updated at epoch 10
2026-04-11 15:08:12,088 - INFO - Epoch 11 | Loss: 0.0182 | Val Acc: 0.7017 | Val Macro-F1: 0.5674 | LR: 3.000000e-04
2026-04-11 15:08:12,089 - INFO -   [NoWaybill         ] P: 0.8302 | R: 0.7857 | F1: 0.8073 | N: 112
2026-04-11 15:08:12,089 - INFO -   [TruncatedBarcode  ] P: 0.4600 | R: 0.6216 | F1: 0.5287 | N: 37
2026-04-11 15:08:12,089 - INFO -   [WrinkledWaybill   ] P: 0.6087 | R: 0.7368 | F1: 0.6667 | N: 19
2026-04-11 15:08:12,089 - INFO -   [NoPackage         ] P: 1.0000 | R: 0.1538 | F1: 0.2667 | N: 13
2026-04-11 15:08:12,089 - INFO - Confusion Matrix:
GT\Pred             NoWaybill       TruncatedBarco  WrinkledWaybil  NoPackage       
NoWaybill           88              18              6               0               
TruncatedBarcode    12              23              2               0               
WrinkledWaybill     3               2               14              0               
NoPackage           3               7               1               2               
2026-04-11 15:10:37,259 - INFO - Epoch 12 | Loss: 0.0199 | Val Acc: 0.7403 | Val Macro-F1: 0.6083 | LR: 3.000000e-04
2026-04-11 15:10:37,259 - INFO -   [NoWaybill         ] P: 0.8291 | R: 0.8661 | F1: 0.8472 | N: 112
2026-04-11 15:10:37,260 - INFO -   [TruncatedBarcode  ] P: 0.5135 | R: 0.5135 | F1: 0.5135 | N: 37
2026-04-11 15:10:37,260 - INFO -   [WrinkledWaybill   ] P: 0.6250 | R: 0.7895 | F1: 0.6977 | N: 19
2026-04-11 15:10:37,260 - INFO -   [NoPackage         ] P: 1.0000 | R: 0.2308 | F1: 0.3750 | N: 13
2026-04-11 15:10:37,260 - INFO - Confusion Matrix:
GT\Pred             NoWaybill       TruncatedBarco  WrinkledWaybil  NoPackage       
NoWaybill           97              10              5               0               
TruncatedBarcode    15              19              3               0               
WrinkledWaybill     3               1               15              0               
NoPackage           2               7               1               3               
2026-04-11 15:13:05,133 - INFO - Epoch 13 | Loss: 0.0178 | Val Acc: 0.7238 | Val Macro-F1: 0.6144 | LR: 3.000000e-04
2026-04-11 15:13:05,134 - INFO -   [NoWaybill         ] P: 0.8158 | R: 0.8304 | F1: 0.8230 | N: 112
2026-04-11 15:13:05,134 - INFO -   [TruncatedBarcode  ] P: 0.5926 | R: 0.4324 | F1: 0.5000 | N: 37
2026-04-11 15:13:05,134 - INFO -   [WrinkledWaybill   ] P: 0.5484 | R: 0.8947 | F1: 0.6800 | N: 19
2026-04-11 15:13:05,134 - INFO -   [NoPackage         ] P: 0.5556 | R: 0.3846 | F1: 0.4545 | N: 13
2026-04-11 15:13:05,134 - INFO - Confusion Matrix:
GT\Pred             NoWaybill       TruncatedBarco  WrinkledWaybil  NoPackage       
NoWaybill           93              6               10              3               
TruncatedBarcode    17              16              3               1               
WrinkledWaybill     1               1               17              0               
NoPackage           3               4               1               5               
2026-04-11 15:15:32,706 - INFO - Epoch 14 | Loss: 0.0141 | Val Acc: 0.6519 | Val Macro-F1: 0.5714 | LR: 1.500000e-04
2026-04-11 15:15:32,706 - INFO -   [NoWaybill         ] P: 0.8438 | R: 0.7232 | F1: 0.7788 | N: 112
2026-04-11 15:15:32,706 - INFO -   [TruncatedBarcode  ] P: 0.3750 | R: 0.4865 | F1: 0.4235 | N: 37
2026-04-11 15:15:32,706 - INFO -   [WrinkledWaybill   ] P: 0.6316 | R: 0.6316 | F1: 0.6316 | N: 19
2026-04-11 15:15:32,706 - INFO -   [NoPackage         ] P: 0.3889 | R: 0.5385 | F1: 0.4516 | N: 13
2026-04-11 15:15:32,706 - INFO - Confusion Matrix:
GT\Pred             NoWaybill       TruncatedBarco  WrinkledWaybil  NoPackage       
NoWaybill           81              21              4               6               
TruncatedBarcode    12              18              2               5               
WrinkledWaybill     2               5               12              0               
NoPackage           1               4               1               7               
2026-04-11 15:18:00,548 - INFO - Epoch 15 | Loss: 0.0100 | Val Acc: 0.7459 | Val Macro-F1: 0.6258 | LR: 1.500000e-04
2026-04-11 15:18:00,548 - INFO -   [NoWaybill         ] P: 0.8197 | R: 0.8929 | F1: 0.8547 | N: 112
2026-04-11 15:18:00,548 - INFO -   [TruncatedBarcode  ] P: 0.5000 | R: 0.4324 | F1: 0.4638 | N: 37
2026-04-11 15:18:00,548 - INFO -   [WrinkledWaybill   ] P: 0.6522 | R: 0.7895 | F1: 0.7143 | N: 19
2026-04-11 15:18:00,549 - INFO -   [NoPackage         ] P: 1.0000 | R: 0.3077 | F1: 0.4706 | N: 13
2026-04-11 15:18:00,549 - INFO - Confusion Matrix:
GT\Pred             NoWaybill       TruncatedBarco  WrinkledWaybil  NoPackage       
NoWaybill           100             8               4               0               
TruncatedBarcode    18              16              3               0               
WrinkledWaybill     2               2               15              0               
NoPackage           2               6               1               4               
2026-04-11 15:18:00,688 - INFO - [Periodic Save] latest checkpoint updated at epoch 15
2026-04-11 15:20:31,039 - INFO - Epoch 16 | Loss: 0.0061 | Val Acc: 0.7017 | Val Macro-F1: 0.5823 | LR: 1.500000e-04
2026-04-11 15:20:31,039 - INFO -   [NoWaybill         ] P: 0.8174 | R: 0.8393 | F1: 0.8282 | N: 112
2026-04-11 15:20:31,039 - INFO -   [TruncatedBarcode  ] P: 0.4054 | R: 0.4054 | F1: 0.4054 | N: 37
2026-04-11 15:20:31,039 - INFO -   [WrinkledWaybill   ] P: 0.5833 | R: 0.7368 | F1: 0.6512 | N: 19
2026-04-11 15:20:31,039 - INFO -   [NoPackage         ] P: 0.8000 | R: 0.3077 | F1: 0.4444 | N: 13
2026-04-11 15:20:31,039 - INFO - Confusion Matrix:
GT\Pred             NoWaybill       TruncatedBarco  WrinkledWaybil  NoPackage       
NoWaybill           94              13              5               0               
TruncatedBarcode    17              15              4               1               
WrinkledWaybill     2               3               14              0               
NoPackage           2               6               1               4               
2026-04-11 15:23:02,564 - INFO - Epoch 17 | Loss: 0.0018 | Val Acc: 0.7293 | Val Macro-F1: 0.6045 | LR: 1.500000e-04
2026-04-11 15:23:02,565 - INFO -   [NoWaybill         ] P: 0.8220 | R: 0.8661 | F1: 0.8435 | N: 112
2026-04-11 15:23:02,565 - INFO -   [TruncatedBarcode  ] P: 0.5000 | R: 0.4595 | F1: 0.4789 | N: 37
2026-04-11 15:23:02,565 - INFO -   [WrinkledWaybill   ] P: 0.5833 | R: 0.7368 | F1: 0.6512 | N: 19
2026-04-11 15:23:02,565 - INFO -   [NoPackage         ] P: 0.8000 | R: 0.3077 | F1: 0.4444 | N: 13
2026-04-11 15:23:02,565 - INFO - Confusion Matrix:
GT\Pred             NoWaybill       TruncatedBarco  WrinkledWaybil  NoPackage       
NoWaybill           97              10              5               0               
TruncatedBarcode    15              17              4               1               
WrinkledWaybill     3               2               14              0               
NoPackage           3               5               1               4               
2026-04-11 15:25:37,149 - INFO - Epoch 18 | Loss: 0.0024 | Val Acc: 0.7348 | Val Macro-F1: 0.6131 | LR: 1.500000e-04
2026-04-11 15:25:37,149 - INFO -   [NoWaybill         ] P: 0.8291 | R: 0.8661 | F1: 0.8472 | N: 112
2026-04-11 15:25:37,149 - INFO -   [TruncatedBarcode  ] P: 0.5000 | R: 0.4595 | F1: 0.4789 | N: 37
2026-04-11 15:25:37,149 - INFO -   [WrinkledWaybill   ] P: 0.6000 | R: 0.7895 | F1: 0.6818 | N: 19
2026-04-11 15:25:37,149 - INFO -   [NoPackage         ] P: 0.8000 | R: 0.3077 | F1: 0.4444 | N: 13
2026-04-11 15:25:37,149 - INFO - Confusion Matrix:
GT\Pred             NoWaybill       TruncatedBarco  WrinkledWaybil  NoPackage       
NoWaybill           97              10              5               0               
TruncatedBarcode    15              17              4               1               
WrinkledWaybill     2               2               15              0               
NoPackage           3               5               1               4               
2026-04-11 15:28:10,469 - INFO - Epoch 19 | Loss: 0.0032 | Val Acc: 0.7182 | Val Macro-F1: 0.5819 | LR: 7.500000e-05
2026-04-11 15:28:10,469 - INFO -   [NoWaybill         ] P: 0.8205 | R: 0.8571 | F1: 0.8384 | N: 112
2026-04-11 15:28:10,469 - INFO -   [TruncatedBarcode  ] P: 0.4474 | R: 0.4595 | F1: 0.4533 | N: 37
2026-04-11 15:28:10,469 - INFO -   [WrinkledWaybill   ] P: 0.6364 | R: 0.7368 | F1: 0.6829 | N: 19
2026-04-11 15:28:10,469 - INFO -   [NoPackage         ] P: 0.7500 | R: 0.2308 | F1: 0.3529 | N: 13
2026-04-11 15:28:10,469 - INFO - Confusion Matrix:
GT\Pred             NoWaybill       TruncatedBarco  WrinkledWaybil  NoPackage       
NoWaybill           96              12              4               0               
TruncatedBarcode    16              17              3               1               
WrinkledWaybill     2               3               14              0               
NoPackage           3               6               1               3               
2026-04-11 15:28:10,738 - INFO - Early stopping triggered: macro-F1 did not improve for 10 epochs.
2026-04-11 15:28:10,738 - INFO - ============================================================
2026-04-11 15:28:10,739 - INFO - Training finished. Best epoch: 9
2026-04-11 15:28:10,739 - INFO - Best Macro-F1: 0.6276
2026-04-11 15:28:10,739 - INFO - Best Acc: 0.7514
2026-04-11 15:28:10,739 - INFO - ============================================================
2026-04-11 15:28:10,739 - INFO - === Best Model Classification Report ===
2026-04-11 15:28:10,739 - INFO - 
                  precision    recall  f1-score   support

       NoWaybill       0.79      0.93      0.86       112
TruncatedBarcode       0.57      0.32      0.41        37
 WrinkledWaybill       0.65      0.79      0.71        19
       NoPackage       0.83      0.38      0.53        13

        accuracy                           0.75       181
       macro avg       0.71      0.61      0.63       181
    weighted avg       0.74      0.75      0.73       181

