2026-03-21 09:18:05,983 - INFO - Loaded 6 categories: ['BlurryFocus', 'NoPackage', 'NoWaybill', 'None', 'TruncatedBarcode', 'WrinkledWaybill']
2026-03-21 09:18:13,472 - INFO - Starting training on cuda with ResNet18...
2026-03-21 09:18:13,472 - INFO - Using 8 workers for DataLoader.
2026-03-21 09:18:58,220 - INFO - Epoch 1 - Loss: 1.3327 | Val Acc: 0.3349 | Val Macro F1: 0.2786 | LR: 0.000300
2026-03-21 09:18:58,264 - INFO - ---> Best model saved with Macro F1: 0.2786 (Acc: 0.3349)
2026-03-21 09:19:42,177 - INFO - Epoch 2 - Loss: 0.8514 | Val Acc: 0.4880 | Val Macro F1: 0.3414 | LR: 0.000300
2026-03-21 09:19:42,327 - INFO - ---> Best model saved with Macro F1: 0.3414 (Acc: 0.4880)
2026-03-21 09:20:26,580 - INFO - Epoch 3 - Loss: 0.6779 | Val Acc: 0.4689 | Val Macro F1: 0.3542 | LR: 0.000300
2026-03-21 09:20:26,727 - INFO - ---> Best model saved with Macro F1: 0.3542 (Acc: 0.4689)
2026-03-21 09:21:09,863 - INFO - Epoch 4 - Loss: 0.5702 | Val Acc: 0.5263 | Val Macro F1: 0.4327 | LR: 0.000300
2026-03-21 09:21:10,015 - INFO - ---> Best model saved with Macro F1: 0.4327 (Acc: 0.5263)
2026-03-21 09:21:53,018 - INFO - Epoch 5 - Loss: 0.4912 | Val Acc: 0.5167 | Val Macro F1: 0.4214 | LR: 0.000300
2026-03-21 09:22:37,881 - INFO - Epoch 6 - Loss: 0.3888 | Val Acc: 0.4593 | Val Macro F1: 0.3928 | LR: 0.000300
2026-03-21 09:23:20,913 - INFO - Epoch 7 - Loss: 0.3911 | Val Acc: 0.5789 | Val Macro F1: 0.4202 | LR: 0.000300
2026-03-21 09:24:03,473 - INFO - Epoch 8 - Loss: 0.3228 | Val Acc: 0.6411 | Val Macro F1: 0.4417 | LR: 0.000300
2026-03-21 09:24:03,623 - INFO - ---> Best model saved with Macro F1: 0.4417 (Acc: 0.6411)
2026-03-21 09:24:46,606 - INFO - Epoch 9 - Loss: 0.3021 | Val Acc: 0.5742 | Val Macro F1: 0.4461 | LR: 0.000300
2026-03-21 09:24:46,917 - INFO - ---> Best model saved with Macro F1: 0.4461 (Acc: 0.5742)
2026-03-21 09:25:30,425 - INFO - Epoch 10 - Loss: 0.2500 | Val Acc: 0.5311 | Val Macro F1: 0.3870 | LR: 0.000300
2026-03-21 09:26:14,123 - INFO - Epoch 11 - Loss: 0.2178 | Val Acc: 0.5646 | Val Macro F1: 0.4444 | LR: 0.000300
2026-03-21 09:26:58,008 - INFO - Epoch 12 - Loss: 0.2091 | Val Acc: 0.5359 | Val Macro F1: 0.3816 | LR: 0.000300
2026-03-21 09:27:42,147 - INFO - Epoch 13 - Loss: 0.1454 | Val Acc: 0.5742 | Val Macro F1: 0.4112 | LR: 0.000300
2026-03-21 09:28:25,337 - INFO - Epoch 14 - Loss: 0.2242 | Val Acc: 0.6077 | Val Macro F1: 0.3952 | LR: 0.000150
2026-03-21 09:34:28,728 - INFO - Loaded 6 categories: ['BlurryFocus', 'NoPackage', 'NoWaybill', 'None', 'TruncatedBarcode', 'WrinkledWaybill']
2026-03-21 09:34:29,035 - INFO - Starting training on cuda with ResNet18...
2026-03-21 09:34:29,035 - INFO - Using 32 workers for DataLoader.
2026-03-21 09:36:58,578 - INFO - Epoch 1 - Loss: 1.9124 | Val Acc: 0.1770 | Val Macro F1: 0.1259 | LR: 0.001000
2026-03-21 09:36:58,751 - INFO - ---> Best model saved with Macro F1: 0.1259 (Acc: 0.1770)
2026-03-21 09:38:17,812 - INFO - Loaded 6 categories: ['BlurryFocus', 'NoPackage', 'NoWaybill', 'None', 'TruncatedBarcode', 'WrinkledWaybill']
2026-03-21 09:38:18,118 - INFO - Starting training on cuda with ResNet18...
2026-03-21 09:38:18,118 - INFO - Using 32 workers for DataLoader.
2026-03-21 09:38:57,241 - INFO - Loaded 9 categories: ['BlurryFocus', 'BlurryWaybill', 'InsufficientLighting', 'NoPackage', 'NoWaybill', 'None', 'Reflection', 'TruncatedBarcode', 'WrinkledWaybill']
2026-03-21 09:38:57,569 - INFO - Starting training on cuda with ResNet18...
2026-03-21 09:38:57,570 - INFO - Using 32 workers for DataLoader.
2026-03-21 09:42:51,755 - INFO - Loaded 9 categories: ['BlurryFocus', 'BlurryWaybill', 'InsufficientLighting', 'NoPackage', 'NoWaybill', 'None', 'Reflection', 'TruncatedBarcode', 'WrinkledWaybill']
2026-03-21 09:42:52,082 - INFO - Starting training on cuda with ResNet18...
2026-03-21 09:42:52,082 - INFO - Using 4 workers for DataLoader.
2026-03-21 09:43:58,087 - INFO - Epoch 1 - Loss: 1.7047 | Val Acc: 0.2093 | Val Macro F1: 0.1670 | LR: 0.000100
2026-03-21 09:43:58,239 - INFO - ---> Best model saved with Macro F1: 0.1670 (Acc: 0.2093)
2026-03-21 09:44:17,560 - INFO - Loaded 9 categories: ['BlurryFocus', 'BlurryWaybill', 'InsufficientLighting', 'NoPackage', 'NoWaybill', 'None', 'Reflection', 'TruncatedBarcode', 'WrinkledWaybill']
2026-03-21 09:44:17,860 - INFO - Starting training on cuda with ResNet18...
2026-03-21 09:44:17,861 - INFO - Using 8 workers for DataLoader.
2026-03-21 09:44:51,838 - INFO - Epoch 1 - Loss: 1.6093 | Val Acc: 0.1907 | Val Macro F1: 0.1639 | LR: 0.000100
2026-03-21 09:44:52,157 - INFO - ---> Best model saved with Macro F1: 0.1639 (Acc: 0.1907)
2026-03-21 09:45:26,178 - INFO - Epoch 2 - Loss: 0.9549 | Val Acc: 0.4000 | Val Macro F1: 0.3008 | LR: 0.000100
2026-03-21 09:45:26,327 - INFO - ---> Best model saved with Macro F1: 0.3008 (Acc: 0.4000)
2026-03-21 09:45:59,431 - INFO - Epoch 3 - Loss: 0.7173 | Val Acc: 0.4744 | Val Macro F1: 0.3743 | LR: 0.000100
2026-03-21 09:45:59,746 - INFO - ---> Best model saved with Macro F1: 0.3743 (Acc: 0.4744)
2026-03-21 09:46:33,625 - INFO - Epoch 4 - Loss: 0.7003 | Val Acc: 0.4419 | Val Macro F1: 0.2648 | LR: 0.000100
2026-03-21 09:47:06,521 - INFO - Epoch 5 - Loss: 0.5490 | Val Acc: 0.5023 | Val Macro F1: 0.2694 | LR: 0.000100
2026-03-21 09:47:40,352 - INFO - Epoch 6 - Loss: 0.4498 | Val Acc: 0.4465 | Val Macro F1: 0.2773 | LR: 0.000100
2026-03-21 09:48:13,650 - INFO - Epoch 7 - Loss: 0.4250 | Val Acc: 0.4837 | Val Macro F1: 0.2287 | LR: 0.000100
2026-03-21 09:48:47,270 - INFO - Epoch 8 - Loss: 0.3220 | Val Acc: 0.5070 | Val Macro F1: 0.2937 | LR: 0.000050
2026-03-21 09:49:21,032 - INFO - Epoch 9 - Loss: 0.2546 | Val Acc: 0.5953 | Val Macro F1: 0.3328 | LR: 0.000050
2026-03-21 09:49:53,991 - INFO - Epoch 10 - Loss: 0.2206 | Val Acc: 0.6047 | Val Macro F1: 0.3381 | LR: 0.000050
2026-03-21 09:50:27,481 - INFO - Epoch 11 - Loss: 0.2250 | Val Acc: 0.6140 | Val Macro F1: 0.3211 | LR: 0.000050
2026-03-21 09:51:00,673 - INFO - Epoch 12 - Loss: 0.1932 | Val Acc: 0.6465 | Val Macro F1: 0.3439 | LR: 0.000050
2026-03-21 09:51:33,257 - INFO - Epoch 13 - Loss: 0.1918 | Val Acc: 0.5674 | Val Macro F1: 0.3147 | LR: 0.000025
2026-03-21 09:52:08,134 - INFO - Epoch 14 - Loss: 0.1672 | Val Acc: 0.5442 | Val Macro F1: 0.2645 | LR: 0.000025
2026-03-21 09:52:41,561 - INFO - Epoch 15 - Loss: 0.1545 | Val Acc: 0.5535 | Val Macro F1: 0.2789 | LR: 0.000025
2026-03-21 09:53:15,749 - INFO - Epoch 16 - Loss: 0.1957 | Val Acc: 0.5628 | Val Macro F1: 0.2851 | LR: 0.000025
2026-03-21 09:53:49,962 - INFO - Epoch 17 - Loss: 0.1597 | Val Acc: 0.5721 | Val Macro F1: 0.2921 | LR: 0.000025
2026-03-21 09:54:24,003 - INFO - Epoch 18 - Loss: 0.1499 | Val Acc: 0.5907 | Val Macro F1: 0.3391 | LR: 0.000013
2026-03-21 09:54:57,849 - INFO - Epoch 19 - Loss: 0.1170 | Val Acc: 0.6093 | Val Macro F1: 0.3272 | LR: 0.000013
2026-03-21 09:55:31,330 - INFO - Epoch 20 - Loss: 0.1057 | Val Acc: 0.5535 | Val Macro F1: 0.3204 | LR: 0.000013
2026-03-21 09:56:05,354 - INFO - Epoch 21 - Loss: 0.1110 | Val Acc: 0.6140 | Val Macro F1: 0.3402 | LR: 0.000013
2026-03-21 09:56:39,934 - INFO - Epoch 22 - Loss: 0.1014 | Val Acc: 0.6093 | Val Macro F1: 0.3244 | LR: 0.000013
2026-03-21 09:57:15,478 - INFO - Epoch 23 - Loss: 0.1214 | Val Acc: 0.5953 | Val Macro F1: 0.3262 | LR: 0.000006
2026-03-21 09:58:06,112 - INFO - Loaded 9 categories: ['BlurryFocus', 'BlurryWaybill', 'InsufficientLighting', 'NoPackage', 'NoWaybill', 'None', 'Reflection', 'TruncatedBarcode', 'WrinkledWaybill']
2026-03-21 09:58:06,416 - INFO - Starting training on cuda with ResNet18...
2026-03-21 09:58:06,416 - INFO - Using 8 workers for DataLoader.
2026-03-21 09:58:44,447 - INFO - Epoch 1 - Loss: 1.6240 | Val Acc: 0.2140 | Val Macro F1: 0.1906 | LR: 0.000100
2026-03-21 09:58:44,487 - INFO - ---> [F1] Saved: 0.1906
2026-03-21 10:01:15,104 - INFO - Loaded 9 categories: ['BlurryFocus', 'BlurryWaybill', 'InsufficientLighting', 'NoPackage', 'NoWaybill', 'None', 'Reflection', 'TruncatedBarcode', 'WrinkledWaybill']
2026-03-21 10:01:15,435 - INFO - Starting training on cuda with ResNet18...
2026-03-21 10:01:53,675 - INFO - Epoch 01 - Loss: 1.7180 | Acc: 0.1814 | F1: 0.1523 | LR: 0.000100
2026-03-21 10:01:53,823 - INFO -       [F1 Improved] ---> Saved best_f1_model.pth
2026-03-21 10:03:32,502 - INFO - Loaded 9 categories: ['BlurryFocus', 'BlurryWaybill', 'InsufficientLighting', 'NoPackage', 'NoWaybill', 'None', 'Reflection', 'TruncatedBarcode', 'WrinkledWaybill']
2026-03-21 10:03:32,830 - INFO - Starting training on cuda with ResNet18...
2026-03-21 10:04:10,498 - INFO - Epoch 01 - Loss: 1.6890 | Acc: 0.1721 | F1: 0.1498 | LR: 0.000100
2026-03-21 10:04:10,647 - INFO -       [F1 Improved] ---> Saved best_f1_model.pth
2026-03-21 10:04:10,685 - INFO -       [Acc Improved] ---> Saved best_acc_model.pth
2026-03-21 10:04:49,035 - INFO - Epoch 02 - Loss: 1.0550 | Acc: 0.4837 | F1: 0.2768 | LR: 0.000100
2026-03-21 10:04:49,183 - INFO -       [F1 Improved] ---> Saved best_f1_model.pth
2026-03-21 10:04:49,640 - INFO -       [Acc Improved] ---> Saved best_acc_model.pth
2026-03-21 10:05:22,284 - INFO - Epoch 03 - Loss: 0.7223 | Acc: 0.3535 | F1: 0.2189 | LR: 0.000100
2026-03-21 10:05:55,129 - INFO - Epoch 04 - Loss: 0.6452 | Acc: 0.5488 | F1: 0.3042 | LR: 0.000100
2026-03-21 10:05:55,271 - INFO -       [F1 Improved] ---> Saved best_f1_model.pth
2026-03-21 10:05:55,713 - INFO -       [Acc Improved] ---> Saved best_acc_model.pth
2026-03-21 10:06:28,258 - INFO - Epoch 05 - Loss: 0.5671 | Acc: 0.4558 | F1: 0.2483 | LR: 0.000100
2026-03-21 10:07:00,557 - INFO - Epoch 06 - Loss: 0.4967 | Acc: 0.4930 | F1: 0.2783 | LR: 0.000100
2026-03-21 10:07:33,237 - INFO - Epoch 07 - Loss: 0.4364 | Acc: 0.5395 | F1: 0.3048 | LR: 0.000100
2026-03-21 10:07:33,343 - INFO -       [F1 Improved] ---> Saved best_f1_model.pth
2026-03-21 10:08:05,763 - INFO - Epoch 08 - Loss: 0.3668 | Acc: 0.5023 | F1: 0.2749 | LR: 0.000100
2026-03-21 10:08:37,248 - INFO - Epoch 09 - Loss: 0.3133 | Acc: 0.5302 | F1: 0.3098 | LR: 0.000100
2026-03-21 10:08:37,583 - INFO -       [F1 Improved] ---> Saved best_f1_model.pth
2026-03-21 10:09:09,361 - INFO - Epoch 10 - Loss: 0.3047 | Acc: 0.6000 | F1: 0.3158 | LR: 0.000100
2026-03-21 10:09:09,511 - INFO -       [F1 Improved] ---> Saved best_f1_model.pth
2026-03-21 10:09:09,965 - INFO -       [Acc Improved] ---> Saved best_acc_model.pth
2026-03-21 10:09:42,345 - INFO - Epoch 11 - Loss: 0.3112 | Acc: 0.5721 | F1: 0.2488 | LR: 0.000100
2026-03-21 10:10:15,223 - INFO - Epoch 12 - Loss: 0.2568 | Acc: 0.5256 | F1: 0.2928 | LR: 0.000100
2026-03-21 10:10:47,469 - INFO - Epoch 13 - Loss: 0.2428 | Acc: 0.5163 | F1: 0.2628 | LR: 0.000100
2026-03-21 10:11:20,522 - INFO - Epoch 14 - Loss: 0.2393 | Acc: 0.5628 | F1: 0.3098 | LR: 0.000100
2026-03-21 10:11:53,237 - INFO - Epoch 15 - Loss: 0.2620 | Acc: 0.5953 | F1: 0.3370 | LR: 0.000100
2026-03-21 10:11:53,383 - INFO -       [F1 Improved] ---> Saved best_f1_model.pth
2026-03-21 10:12:26,202 - INFO - Epoch 16 - Loss: 0.2236 | Acc: 0.5628 | F1: 0.2678 | LR: 0.000100
2026-03-21 10:12:58,951 - INFO - Epoch 17 - Loss: 0.1928 | Acc: 0.6279 | F1: 0.3183 | LR: 0.000100
2026-03-21 10:12:59,095 - INFO -       [Acc Improved] ---> Saved best_acc_model.pth
2026-03-21 10:13:32,559 - INFO - Epoch 18 - Loss: 0.2122 | Acc: 0.6093 | F1: 0.3478 | LR: 0.000100
2026-03-21 10:13:32,703 - INFO -       [F1 Improved] ---> Saved best_f1_model.pth
2026-03-21 10:14:06,032 - INFO - Epoch 19 - Loss: 0.1820 | Acc: 0.5953 | F1: 0.2462 | LR: 0.000100
2026-03-21 10:14:38,849 - INFO - Epoch 20 - Loss: 0.1747 | Acc: 0.6186 | F1: 0.2884 | LR: 0.000100
2026-03-21 10:15:12,293 - INFO - Epoch 21 - Loss: 0.1596 | Acc: 0.5907 | F1: 0.3206 | LR: 0.000100
2026-03-21 10:15:45,285 - INFO - Epoch 22 - Loss: 0.1484 | Acc: 0.6140 | F1: 0.3198 | LR: 0.000100
2026-03-21 10:16:17,294 - INFO - Epoch 23 - Loss: 0.1287 | Acc: 0.5907 | F1: 0.3372 | LR: 0.000050
2026-03-21 10:16:50,727 - INFO - Epoch 24 - Loss: 0.1325 | Acc: 0.5767 | F1: 0.3404 | LR: 0.000050
2026-03-21 10:17:23,226 - INFO - Epoch 25 - Loss: 0.0927 | Acc: 0.6000 | F1: 0.3129 | LR: 0.000050
2026-03-21 10:17:54,681 - INFO - Epoch 26 - Loss: 0.1192 | Acc: 0.5860 | F1: 0.3271 | LR: 0.000050
2026-03-21 10:18:27,618 - INFO - Epoch 27 - Loss: 0.1238 | Acc: 0.5907 | F1: 0.3263 | LR: 0.000050
2026-03-21 10:18:59,605 - INFO - Epoch 28 - Loss: 0.0666 | Acc: 0.6093 | F1: 0.3348 | LR: 0.000025
2026-03-21 10:19:31,688 - INFO - Epoch 29 - Loss: 0.0643 | Acc: 0.5907 | F1: 0.2797 | LR: 0.000025
2026-03-21 10:20:04,367 - INFO - Epoch 30 - Loss: 0.0626 | Acc: 0.6233 | F1: 0.3267 | LR: 0.000025
2026-03-21 10:20:04,655 - INFO - Early stopping triggered! No improvement in F1 for 12 epochs.
2026-03-21 10:20:04,655 - INFO - 
==================== Final Best Report (F1) ====================
2026-03-21 10:20:04,655 - INFO - 
                      precision    recall  f1-score   support

         BlurryFocus       0.00      0.00      0.00         6
       BlurryWaybill       0.00      0.00      0.00         1
InsufficientLighting       0.00      0.00      0.00         1
           NoPackage       0.67      0.14      0.24        14
           NoWaybill       0.75      0.78      0.76       113
                None       0.41      0.50      0.45        14
          Reflection       1.00      0.50      0.67         4
    TruncatedBarcode       0.42      0.45      0.44        42
     WrinkledWaybill       0.52      0.65      0.58        20

            accuracy                           0.61       215
           macro avg       0.42      0.34      0.35       215
        weighted avg       0.61      0.61      0.60       215

2026-03-21 10:20:04,655 - INFO - Training Complete. Best F1: 0.3478, Best Acc: 0.6279
2026-03-21 10:20:04,655 - INFO - 
=== Best Model Classification Report ===
2026-03-21 10:20:04,655 - INFO - 
                      precision    recall  f1-score   support

         BlurryFocus       0.00      0.00      0.00         6
       BlurryWaybill       0.00      0.00      0.00         1
InsufficientLighting       0.00      0.00      0.00         1
           NoPackage       0.67      0.14      0.24        14
           NoWaybill       0.75      0.78      0.76       113
                None       0.41      0.50      0.45        14
          Reflection       1.00      0.50      0.67         4
    TruncatedBarcode       0.42      0.45      0.44        42
     WrinkledWaybill       0.52      0.65      0.58        20

            accuracy                           0.61       215
           macro avg       0.42      0.34      0.35       215
        weighted avg       0.61      0.61      0.60       215

2026-03-21 15:55:15,012 - INFO - Loaded 9 categories: ['BlurryFocus', 'BlurryWaybill', 'InsufficientLighting', 'NoPackage', 'NoWaybill', 'None', 'Reflection', 'TruncatedBarcode', 'WrinkledWaybill']
2026-03-21 15:55:15,494 - INFO - Starting training on cuda with ResNet18...
2026-03-21 16:00:11,524 - INFO - Epoch 01 - Loss: 0.5681 | Acc: 0.2512 | F1: 0.2211 | LR: 0.000050
2026-03-21 16:00:11,670 - INFO -       [F1 Improved] ---> Saved best_f1_model.pth
2026-03-21 16:00:12,212 - INFO -       [Acc Improved] ---> Saved best_acc_model.pth
2026-03-21 16:04:56,066 - INFO - Epoch 02 - Loss: 0.1425 | Acc: 0.3767 | F1: 0.2850 | LR: 0.000050
2026-03-21 16:04:56,247 - INFO -       [F1 Improved] ---> Saved best_f1_model.pth
2026-03-21 16:04:56,689 - INFO -       [Acc Improved] ---> Saved best_acc_model.pth
2026-03-21 16:09:37,568 - INFO - Epoch 03 - Loss: 0.0861 | Acc: 0.4744 | F1: 0.2773 | LR: 0.000050
2026-03-21 16:09:37,775 - INFO -       [Acc Improved] ---> Saved best_acc_model.pth
2026-03-21 16:14:09,171 - INFO - Epoch 04 - Loss: 0.0601 | Acc: 0.5116 | F1: 0.3223 | LR: 0.000050
2026-03-21 16:14:09,351 - INFO -       [F1 Improved] ---> Saved best_f1_model.pth
2026-03-21 16:14:09,881 - INFO -       [Acc Improved] ---> Saved best_acc_model.pth
2026-03-21 16:18:57,017 - INFO - Epoch 05 - Loss: 0.0485 | Acc: 0.4930 | F1: 0.3066 | LR: 0.000050
2026-03-21 16:23:40,182 - INFO - Epoch 06 - Loss: 0.0418 | Acc: 0.5535 | F1: 0.3251 | LR: 0.000050
2026-03-21 16:23:40,327 - INFO -       [F1 Improved] ---> Saved best_f1_model.pth
2026-03-21 16:23:40,809 - INFO -       [Acc Improved] ---> Saved best_acc_model.pth
2026-03-21 16:28:33,641 - INFO - Epoch 07 - Loss: 0.0392 | Acc: 0.5116 | F1: 0.3075 | LR: 0.000050
2026-03-21 16:33:28,462 - INFO - Epoch 08 - Loss: 0.0319 | Acc: 0.5395 | F1: 0.3418 | LR: 0.000050
2026-03-21 16:33:28,607 - INFO -       [F1 Improved] ---> Saved best_f1_model.pth
2026-03-21 16:38:45,323 - INFO - Epoch 09 - Loss: 0.0322 | Acc: 0.5628 | F1: 0.3479 | LR: 0.000050
2026-03-21 16:38:45,649 - INFO -       [F1 Improved] ---> Saved best_f1_model.pth
2026-03-21 16:38:45,985 - INFO -       [Acc Improved] ---> Saved best_acc_model.pth
2026-03-21 16:43:34,365 - INFO - Epoch 10 - Loss: 0.0273 | Acc: 0.5535 | F1: 0.3415 | LR: 0.000050
2026-03-21 16:48:22,239 - INFO - Epoch 11 - Loss: 0.0268 | Acc: 0.5442 | F1: 0.3275 | LR: 0.000050
2026-03-21 16:53:14,754 - INFO - Epoch 12 - Loss: 0.0256 | Acc: 0.5814 | F1: 0.3358 | LR: 0.000050
2026-03-21 16:53:14,903 - INFO -       [Acc Improved] ---> Saved best_acc_model.pth
2026-03-21 16:57:50,399 - INFO - Epoch 13 - Loss: 0.0207 | Acc: 0.6047 | F1: 0.3515 | LR: 0.000050
2026-03-21 16:57:50,543 - INFO -       [F1 Improved] ---> Saved best_f1_model.pth
2026-03-21 16:57:51,005 - INFO -       [Acc Improved] ---> Saved best_acc_model.pth
2026-03-21 17:02:28,203 - INFO - Epoch 14 - Loss: 0.0182 | Acc: 0.6000 | F1: 0.3722 | LR: 0.000050
2026-03-21 17:02:28,351 - INFO -       [F1 Improved] ---> Saved best_f1_model.pth
2026-03-21 17:07:18,884 - INFO - Epoch 15 - Loss: 0.0184 | Acc: 0.5674 | F1: 0.3459 | LR: 0.000050
2026-03-21 17:11:54,514 - INFO - Epoch 16 - Loss: 0.0176 | Acc: 0.5674 | F1: 0.3556 | LR: 0.000050
2026-03-21 17:16:30,550 - INFO - Epoch 17 - Loss: 0.0214 | Acc: 0.5581 | F1: 0.3319 | LR: 0.000050
2026-03-21 17:21:26,230 - INFO - Epoch 18 - Loss: 0.0184 | Acc: 0.5953 | F1: 0.3410 | LR: 0.000050
2026-03-21 17:26:15,033 - INFO - Epoch 19 - Loss: 0.0155 | Acc: 0.6000 | F1: 0.3497 | LR: 0.000050
2026-03-21 17:31:01,086 - INFO - Epoch 20 - Loss: 0.0125 | Acc: 0.5953 | F1: 0.3159 | LR: 0.000025
2026-03-30 17:46:52,176 - INFO - Loaded 5 categories: ['NoPackage', 'NoWaybill', 'None', 'TruncatedBarcode', 'WrinkledWaybill']
2026-03-30 17:46:53,279 - INFO - Starting training on cuda with ResNet18...
2026-03-30 17:57:18,291 - INFO - Loaded 5 categories: ['NoPackage', 'NoWaybill', 'None', 'TruncatedBarcode', 'WrinkledWaybill']
2026-03-30 17:57:19,109 - INFO - Starting training on cuda with ResNet18...
2026-03-30 18:02:44,880 - INFO - Loaded 5 categories: ['NoPackage', 'NoWaybill', 'None', 'TruncatedBarcode', 'WrinkledWaybill']
2026-03-30 18:02:45,173 - INFO - Starting training on cuda with ResNet18...
2026-03-30 19:08:49,988 - INFO - Loaded 5 categories: ['NoPackage', 'NoWaybill', 'None', 'TruncatedBarcode', 'WrinkledWaybill']
2026-03-30 19:08:50,270 - INFO - Starting training on cuda with ResNet18...
2026-03-30 19:13:31,312 - INFO - Epoch 01 - Loss: 0.8605 | Acc: 0.1980 | F1: 0.1908 | LR: 0.000800
2026-03-30 19:13:31,488 - INFO -       [F1 Improved] ---> Saved best_f1_model.pth
2026-03-30 19:13:31,758 - INFO -       [Acc Improved] ---> Saved best_acc_model.pth
2026-03-30 19:18:22,390 - INFO - Epoch 02 - Loss: 0.5061 | Acc: 0.3366 | F1: 0.3479 | LR: 0.000800
2026-03-30 19:18:22,721 - INFO -       [F1 Improved] ---> Saved best_f1_model.pth
2026-03-30 19:18:23,037 - INFO -       [Acc Improved] ---> Saved best_acc_model.pth
2026-03-30 19:22:58,973 - INFO - Epoch 03 - Loss: 0.4513 | Acc: 0.3960 | F1: 0.3184 | LR: 0.000800
2026-03-30 19:22:59,135 - INFO -       [Acc Improved] ---> Saved best_acc_model.pth
2026-03-30 19:27:54,139 - INFO - Epoch 04 - Loss: 0.4334 | Acc: 0.5842 | F1: 0.4722 | LR: 0.000800
2026-03-30 19:27:54,288 - INFO -       [F1 Improved] ---> Saved best_f1_model.pth
2026-03-30 19:27:54,730 - INFO -       [Acc Improved] ---> Saved best_acc_model.pth
2026-03-30 19:32:15,414 - INFO - Epoch 05 - Loss: 0.4046 | Acc: 0.5297 | F1: 0.4811 | LR: 0.000800
2026-03-30 19:32:15,567 - INFO -       [F1 Improved] ---> Saved best_f1_model.pth
2026-03-30 19:36:42,721 - INFO - Epoch 06 - Loss: 0.3928 | Acc: 0.5149 | F1: 0.4835 | LR: 0.000800
2026-03-30 19:36:42,984 - INFO -       [F1 Improved] ---> Saved best_f1_model.pth
2026-03-30 19:42:04,127 - INFO - Epoch 07 - Loss: 0.3845 | Acc: 0.6089 | F1: 0.5376 | LR: 0.000800
2026-03-30 19:42:04,287 - INFO -       [F1 Improved] ---> Saved best_f1_model.pth
2026-03-30 19:42:04,556 - INFO -       [Acc Improved] ---> Saved best_acc_model.pth
2026-03-30 19:47:39,830 - INFO - Epoch 08 - Loss: 0.3743 | Acc: 0.5446 | F1: 0.4787 | LR: 0.000800
2026-03-30 19:53:16,101 - INFO - Epoch 09 - Loss: 0.3789 | Acc: 0.6040 | F1: 0.4722 | LR: 0.000800
2026-03-30 19:59:12,219 - INFO - Epoch 10 - Loss: 0.3759 | Acc: 0.6683 | F1: 0.5639 | LR: 0.000800
2026-03-30 19:59:12,483 - INFO -       [F1 Improved] ---> Saved best_f1_model.pth
2026-03-30 19:59:12,765 - INFO -       [Acc Improved] ---> Saved best_acc_model.pth
2026-03-30 20:05:13,370 - INFO - Epoch 11 - Loss: 0.3680 | Acc: 0.6584 | F1: 0.5632 | LR: 0.000800
2026-03-30 20:10:50,872 - INFO - Epoch 12 - Loss: 0.3622 | Acc: 0.6634 | F1: 0.5652 | LR: 0.000800
2026-03-30 20:10:51,024 - INFO -       [F1 Improved] ---> Saved best_f1_model.pth
2026-03-30 20:16:47,076 - INFO - Epoch 13 - Loss: 0.3579 | Acc: 0.6733 | F1: 0.5556 | LR: 0.000800
2026-03-30 20:16:47,282 - INFO -       [Acc Improved] ---> Saved best_acc_model.pth
2026-03-30 20:22:24,510 - INFO - Epoch 14 - Loss: 0.3674 | Acc: 0.6782 | F1: 0.5639 | LR: 0.000800
2026-03-30 20:22:24,749 - INFO -       [Acc Improved] ---> Saved best_acc_model.pth
2026-03-30 20:28:11,187 - INFO - Epoch 15 - Loss: 0.3533 | Acc: 0.6485 | F1: 0.5745 | LR: 0.000800
2026-03-30 20:28:11,343 - INFO -       [F1 Improved] ---> Saved best_f1_model.pth
2026-03-30 20:33:57,617 - INFO - Epoch 16 - Loss: 0.3524 | Acc: 0.6832 | F1: 0.5703 | LR: 0.000800
2026-03-30 20:33:57,768 - INFO -       [Acc Improved] ---> Saved best_acc_model.pth
2026-03-30 20:39:02,740 - INFO - Loaded 5 categories: ['NoPackage', 'NoWaybill', 'None', 'TruncatedBarcode', 'WrinkledWaybill']
2026-03-30 20:39:03,810 - INFO - Starting training on cuda with ResNet18...
2026-03-30 20:44:35,632 - INFO - Epoch 01 - Loss: 0.9670 | Acc: 0.1931 | F1: 0.2158 | LR: 0.000800
2026-03-30 20:44:36,049 - INFO -       [F1 Improved] ---> Saved best_f1_model.pth
2026-03-30 20:44:36,175 - INFO -       [Acc Improved] ---> Saved best_acc_model.pth
2026-03-30 20:50:10,461 - INFO - Epoch 02 - Loss: 0.5367 | Acc: 0.3168 | F1: 0.3283 | LR: 0.000800
2026-03-30 20:50:10,616 - INFO -       [F1 Improved] ---> Saved best_f1_model.pth
2026-03-30 20:50:11,051 - INFO -       [Acc Improved] ---> Saved best_acc_model.pth
2026-03-30 20:55:51,987 - INFO - Epoch 03 - Loss: 0.4683 | Acc: 0.4059 | F1: 0.3937 | LR: 0.000800
2026-03-30 20:55:52,143 - INFO -       [F1 Improved] ---> Saved best_f1_model.pth
2026-03-30 20:55:52,651 - INFO -       [Acc Improved] ---> Saved best_acc_model.pth
2026-03-30 21:01:33,233 - INFO - Epoch 04 - Loss: 0.4308 | Acc: 0.5644 | F1: 0.4488 | LR: 0.000800
2026-03-30 21:01:33,383 - INFO -       [F1 Improved] ---> Saved best_f1_model.pth
2026-03-30 21:01:33,866 - INFO -       [Acc Improved] ---> Saved best_acc_model.pth
2026-03-30 21:07:18,794 - INFO - Epoch 05 - Loss: 0.4026 | Acc: 0.6238 | F1: 0.4725 | LR: 0.000800
2026-03-30 21:07:18,951 - INFO -       [F1 Improved] ---> Saved best_f1_model.pth
2026-03-30 21:07:19,471 - INFO -       [Acc Improved] ---> Saved best_acc_model.pth
2026-03-30 21:12:23,501 - INFO - Epoch 06 - Loss: 0.3957 | Acc: 0.5050 | F1: 0.4577 | LR: 0.000800
2026-03-30 21:18:12,303 - INFO - Epoch 07 - Loss: 0.3824 | Acc: 0.5495 | F1: 0.4707 | LR: 0.000800
2026-03-30 21:23:49,713 - INFO - Epoch 08 - Loss: 0.3822 | Acc: 0.5594 | F1: 0.4716 | LR: 0.000800
2026-03-30 21:29:32,533 - INFO - Epoch 09 - Loss: 0.3733 | Acc: 0.5297 | F1: 0.4686 | LR: 0.000800
2026-03-30 21:35:13,345 - INFO - Epoch 10 - Loss: 0.3677 | Acc: 0.5743 | F1: 0.5034 | LR: 0.000800
2026-03-30 21:35:13,617 - INFO -       [F1 Improved] ---> Saved best_f1_model.pth
2026-03-30 21:40:55,215 - INFO - Epoch 11 - Loss: 0.3728 | Acc: 0.5842 | F1: 0.5145 | LR: 0.000800
2026-03-30 21:40:55,368 - INFO -       [F1 Improved] ---> Saved best_f1_model.pth
2026-03-30 21:46:38,893 - INFO - Epoch 12 - Loss: 0.3735 | Acc: 0.5347 | F1: 0.4919 | LR: 0.000800
2026-03-30 21:52:46,902 - INFO - Epoch 13 - Loss: 0.3688 | Acc: 0.5099 | F1: 0.4567 | LR: 0.000800
2026-03-30 21:58:26,247 - INFO - Epoch 14 - Loss: 0.3664 | Acc: 0.5941 | F1: 0.5362 | LR: 0.000800
2026-03-30 21:58:26,531 - INFO -       [F1 Improved] ---> Saved best_f1_model.pth
2026-03-30 22:04:24,085 - INFO - Epoch 15 - Loss: 0.3603 | Acc: 0.6287 | F1: 0.5323 | LR: 0.000800
2026-03-30 22:04:24,240 - INFO -       [Acc Improved] ---> Saved best_acc_model.pth
2026-03-30 22:10:09,572 - INFO - Epoch 16 - Loss: 0.3519 | Acc: 0.6436 | F1: 0.5798 | LR: 0.000800
2026-03-30 22:10:09,743 - INFO -       [F1 Improved] ---> Saved best_f1_model.pth
2026-03-30 22:10:10,297 - INFO -       [Acc Improved] ---> Saved best_acc_model.pth
2026-03-30 22:15:51,748 - INFO - Epoch 17 - Loss: 0.3596 | Acc: 0.5743 | F1: 0.5109 | LR: 0.000800
2026-03-30 22:21:29,043 - INFO - Epoch 18 - Loss: 0.3547 | Acc: 0.6040 | F1: 0.5150 | LR: 0.000800
2026-03-30 22:27:17,704 - INFO - Epoch 19 - Loss: 0.3572 | Acc: 0.6535 | F1: 0.5720 | LR: 0.000800
2026-03-30 22:27:18,064 - INFO -       [Acc Improved] ---> Saved best_acc_model.pth
2026-03-30 22:33:20,653 - INFO - Epoch 20 - Loss: 0.3606 | Acc: 0.5941 | F1: 0.5380 | LR: 0.000800
2026-03-30 22:38:46,680 - INFO - Epoch 21 - Loss: 0.3640 | Acc: 0.5644 | F1: 0.4801 | LR: 0.000800
2026-03-30 22:44:17,569 - INFO - Epoch 22 - Loss: 0.3569 | Acc: 0.5743 | F1: 0.5227 | LR: 0.000400
2026-03-30 22:49:47,243 - INFO - Epoch 23 - Loss: 0.3509 | Acc: 0.6188 | F1: 0.5597 | LR: 0.000400
2026-03-30 22:55:35,100 - INFO - Epoch 24 - Loss: 0.3502 | Acc: 0.6436 | F1: 0.5585 | LR: 0.000400
2026-03-30 23:01:24,431 - INFO - Epoch 25 - Loss: 0.3507 | Acc: 0.6436 | F1: 0.5658 | LR: 0.000400
2026-03-30 23:06:28,526 - INFO - Epoch 26 - Loss: 0.3452 | Acc: 0.6436 | F1: 0.5581 | LR: 0.000400
2026-03-30 23:12:08,336 - INFO - Epoch 27 - Loss: 0.3459 | Acc: 0.6634 | F1: 0.5971 | LR: 0.000400
2026-03-30 23:12:08,496 - INFO -       [F1 Improved] ---> Saved best_f1_model.pth
2026-03-30 23:12:09,060 - INFO -       [Acc Improved] ---> Saved best_acc_model.pth
2026-03-30 23:17:37,626 - INFO - Epoch 28 - Loss: 0.3417 | Acc: 0.6337 | F1: 0.5566 | LR: 0.000400
2026-03-30 23:23:33,399 - INFO - Epoch 29 - Loss: 0.3398 | Acc: 0.6683 | F1: 0.5830 | LR: 0.000400
2026-03-30 23:23:33,655 - INFO -       [Acc Improved] ---> Saved best_acc_model.pth
2026-03-30 23:29:21,816 - INFO - Epoch 30 - Loss: 0.3441 | Acc: 0.6634 | F1: 0.5757 | LR: 0.000400
2026-03-30 23:35:06,521 - INFO - Epoch 31 - Loss: 0.3415 | Acc: 0.6832 | F1: 0.5808 | LR: 0.000400
2026-03-30 23:35:06,678 - INFO -       [Acc Improved] ---> Saved best_acc_model.pth
2026-03-30 23:40:33,056 - INFO - Epoch 32 - Loss: 0.3467 | Acc: 0.6436 | F1: 0.5646 | LR: 0.000400
2026-03-30 23:46:28,446 - INFO - Epoch 33 - Loss: 0.3442 | Acc: 0.6337 | F1: 0.5716 | LR: 0.000200
2026-03-30 23:52:05,896 - INFO - Epoch 34 - Loss: 0.3403 | Acc: 0.7030 | F1: 0.6131 | LR: 0.000200
2026-03-30 23:52:06,265 - INFO -       [F1 Improved] ---> Saved best_f1_model.pth
2026-03-30 23:52:06,585 - INFO -       [Acc Improved] ---> Saved best_acc_model.pth
2026-03-30 23:57:21,638 - INFO - Epoch 35 - Loss: 0.3424 | Acc: 0.6436 | F1: 0.5747 | LR: 0.000200
2026-03-31 00:02:43,953 - INFO - Epoch 36 - Loss: 0.3397 | Acc: 0.7030 | F1: 0.6037 | LR: 0.000200
2026-03-31 00:08:12,528 - INFO - Epoch 37 - Loss: 0.3447 | Acc: 0.6683 | F1: 0.5871 | LR: 0.000200
2026-03-31 00:13:23,009 - INFO - Epoch 38 - Loss: 0.3370 | Acc: 0.7079 | F1: 0.6213 | LR: 0.000200
2026-03-31 00:13:23,159 - INFO -       [F1 Improved] ---> Saved best_f1_model.pth
2026-03-31 00:13:23,631 - INFO -       [Acc Improved] ---> Saved best_acc_model.pth
2026-03-31 00:19:09,915 - INFO - Epoch 39 - Loss: 0.3363 | Acc: 0.6634 | F1: 0.5702 | LR: 0.000200
2026-03-31 00:24:39,989 - INFO - Epoch 40 - Loss: 0.3342 | Acc: 0.6980 | F1: 0.6015 | LR: 0.000200
2026-03-31 00:30:31,708 - INFO - Epoch 41 - Loss: 0.3411 | Acc: 0.6980 | F1: 0.6134 | LR: 0.000200
2026-03-31 00:36:24,141 - INFO - Epoch 42 - Loss: 0.3396 | Acc: 0.6881 | F1: 0.5996 | LR: 0.000200
2026-03-31 00:42:20,700 - INFO - Epoch 43 - Loss: 0.3394 | Acc: 0.6782 | F1: 0.6001 | LR: 0.000200
2026-03-31 00:47:58,038 - INFO - Epoch 44 - Loss: 0.3393 | Acc: 0.6881 | F1: 0.6022 | LR: 0.000100
2026-03-31 00:53:27,544 - INFO - Epoch 45 - Loss: 0.3430 | Acc: 0.7030 | F1: 0.6075 | LR: 0.000100
2026-03-31 00:59:20,440 - INFO - Epoch 46 - Loss: 0.3399 | Acc: 0.6881 | F1: 0.6040 | LR: 0.000100
2026-03-31 01:04:51,018 - INFO - Epoch 47 - Loss: 0.3366 | Acc: 0.6980 | F1: 0.6084 | LR: 0.000100
2026-03-31 01:10:30,386 - INFO - Epoch 48 - Loss: 0.3421 | Acc: 0.7030 | F1: 0.6082 | LR: 0.000100
2026-03-31 01:16:18,510 - INFO - Epoch 49 - Loss: 0.3370 | Acc: 0.6832 | F1: 0.6044 | LR: 0.000100
2026-03-31 01:22:21,338 - INFO - Epoch 50 - Loss: 0.3412 | Acc: 0.6931 | F1: 0.5977 | LR: 0.000050
2026-03-31 01:22:21,495 - INFO - Early stopping triggered! No improvement in F1 for 12 epochs.
2026-03-31 01:22:21,495 - INFO - 
==================== Final Best Report (F1) ====================
2026-03-31 01:22:21,495 - INFO - 
                  precision    recall  f1-score   support

       NoPackage       0.88      0.50      0.64        14
       NoWaybill       0.86      0.82      0.84       113
            None       0.38      0.77      0.51        13
TruncatedBarcode       0.54      0.45      0.49        42
 WrinkledWaybill       0.56      0.70      0.62        20

        accuracy                           0.71       202
       macro avg       0.64      0.65      0.62       202
    weighted avg       0.74      0.71      0.71       202

2026-03-31 01:22:21,495 - INFO - Training Complete. Best F1: 0.6213, Best Acc: 0.7079
2026-03-31 01:22:21,495 - INFO - 
=== Best Model Classification Report ===
2026-03-31 01:22:21,495 - INFO - 
                  precision    recall  f1-score   support

       NoPackage       0.88      0.50      0.64        14
       NoWaybill       0.86      0.82      0.84       113
            None       0.38      0.77      0.51        13
TruncatedBarcode       0.54      0.45      0.49        42
 WrinkledWaybill       0.56      0.70      0.62        20

        accuracy                           0.71       202
       macro avg       0.64      0.65      0.62       202
    weighted avg       0.74      0.71      0.71       202

2026-04-10 15:11:59,444 - INFO - 🚫 类别 'None' 已被手动剔除，不参与训练。
2026-04-10 15:11:59,469 - INFO - 最终加载的类别 (4 类): ['NoPackage', 'NoWaybill', 'TruncatedBarcode', 'WrinkledWaybill']
2026-04-10 15:12:00,830 - INFO - Starting training on cuda with ResNet18...
2026-04-10 15:16:57,634 - INFO - Epoch 01 - Loss: 0.7394 | Acc: 0.3867 | F1: 0.3638 | LR: 0.000500
2026-04-10 15:16:57,898 - INFO -       [F1 Improved] ---> Saved best_f1_model.pth
2026-04-10 15:16:58,184 - INFO -       [Acc Improved] ---> Saved best_acc_model.pth
2026-04-10 15:21:37,499 - INFO - Epoch 02 - Loss: 0.4255 | Acc: 0.5635 | F1: 0.5207 | LR: 0.000500
2026-04-10 15:21:37,649 - INFO -       [F1 Improved] ---> Saved best_f1_model.pth
2026-04-10 15:21:37,907 - INFO -       [Acc Improved] ---> Saved best_acc_model.pth
2026-04-10 15:26:10,425 - INFO - Epoch 03 - Loss: 0.3704 | Acc: 0.5691 | F1: 0.5376 | LR: 0.000500
2026-04-10 15:26:10,577 - INFO -       [F1 Improved] ---> Saved best_f1_model.pth
2026-04-10 15:26:10,870 - INFO -       [Acc Improved] ---> Saved best_acc_model.pth
2026-04-10 15:31:12,397 - INFO - Epoch 04 - Loss: 0.3444 | Acc: 0.5249 | F1: 0.5143 | LR: 0.000500
2026-04-10 15:35:59,432 - INFO - Epoch 05 - Loss: 0.3387 | Acc: 0.4751 | F1: 0.4800 | LR: 0.000500
2026-04-10 15:46:35,549 - INFO - 类别 'None' 已被手动剔除，不参与训练。
2026-04-10 15:46:35,550 - INFO - 最终加载的类别 (4 类): ['NoPackage', 'NoWaybill', 'TruncatedBarcode', 'WrinkledWaybill']
2026-04-10 15:46:36,131 - INFO - Starting training on cuda with ResNet18...
2026-04-10 15:49:21,263 - INFO - Epoch 01 - Loss: 0.5943 | Acc: 0.7459 | F1: 0.6187 | LR: 0.000300
2026-04-10 15:49:21,416 - INFO -       [F1 Improved] ---> Saved best_f1_model.pth
2026-04-10 15:49:21,875 - INFO -       [Acc Improved] ---> Saved best_acc_model.pth
2026-04-10 15:51:54,413 - INFO - Epoch 02 - Loss: 0.4600 | Acc: 0.5691 | F1: 0.5430 | LR: 0.000300
2026-04-10 15:54:22,153 - INFO - Epoch 03 - Loss: 0.4364 | Acc: 0.6519 | F1: 0.6099 | LR: 0.000300
2026-04-10 15:56:48,565 - INFO - Epoch 04 - Loss: 0.4224 | Acc: 0.6133 | F1: 0.6010 | LR: 0.000300
2026-04-10 15:59:14,522 - INFO - Epoch 05 - Loss: 0.4157 | Acc: 0.7514 | F1: 0.7100 | LR: 0.000300
2026-04-10 15:59:14,673 - INFO -       [F1 Improved] ---> Saved best_f1_model.pth
2026-04-10 15:59:14,927 - INFO -       [Acc Improved] ---> Saved best_acc_model.pth
2026-04-10 16:01:41,757 - INFO - Epoch 06 - Loss: 0.4089 | Acc: 0.7182 | F1: 0.6682 | LR: 0.000300
2026-04-10 16:04:08,137 - INFO - Epoch 07 - Loss: 0.4035 | Acc: 0.7127 | F1: 0.6491 | LR: 0.000300
2026-04-10 16:06:34,538 - INFO - Epoch 08 - Loss: 0.3976 | Acc: 0.7569 | F1: 0.6629 | LR: 0.000300
2026-04-10 16:06:34,689 - INFO -       [Acc Improved] ---> Saved best_acc_model.pth
2026-04-10 16:09:01,268 - INFO - Epoch 09 - Loss: 0.3991 | Acc: 0.7293 | F1: 0.6250 | LR: 0.000300
2026-04-10 16:11:26,523 - INFO - Epoch 10 - Loss: 0.3955 | Acc: 0.7735 | F1: 0.6883 | LR: 0.000300
2026-04-10 16:11:26,673 - INFO -       [Acc Improved] ---> Saved best_acc_model.pth
2026-04-10 16:13:51,905 - INFO - Epoch 11 - Loss: 0.3909 | Acc: 0.8122 | F1: 0.7672 | LR: 0.000300
2026-04-10 16:13:52,056 - INFO -       [F1 Improved] ---> Saved best_f1_model.pth
2026-04-10 16:13:52,308 - INFO -       [Acc Improved] ---> Saved best_acc_model.pth
2026-04-10 16:16:16,869 - INFO - Epoch 12 - Loss: 0.3860 | Acc: 0.7901 | F1: 0.7128 | LR: 0.000300
2026-04-10 16:18:39,363 - INFO - Epoch 13 - Loss: 0.3872 | Acc: 0.7072 | F1: 0.6486 | LR: 0.000300
2026-04-10 16:21:02,109 - INFO - Epoch 14 - Loss: 0.3862 | Acc: 0.7459 | F1: 0.6804 | LR: 0.000300
2026-04-10 16:23:25,373 - INFO - Epoch 15 - Loss: 0.3804 | Acc: 0.7182 | F1: 0.6370 | LR: 0.000300
2026-04-10 16:25:47,389 - INFO - Epoch 16 - Loss: 0.3851 | Acc: 0.8177 | F1: 0.7325 | LR: 0.000300
2026-04-10 16:25:47,537 - INFO -       [Acc Improved] ---> Saved best_acc_model.pth
2026-04-10 16:28:08,156 - INFO - Epoch 17 - Loss: 0.3813 | Acc: 0.7293 | F1: 0.6715 | LR: 0.000150
2026-04-10 16:30:26,229 - INFO - Epoch 18 - Loss: 0.3727 | Acc: 0.7293 | F1: 0.6348 | LR: 0.000150
2026-04-10 16:32:43,928 - INFO - Epoch 19 - Loss: 0.3649 | Acc: 0.7569 | F1: 0.6986 | LR: 0.000150
2026-04-10 16:35:02,968 - INFO - Epoch 20 - Loss: 0.3637 | Acc: 0.7680 | F1: 0.6831 | LR: 0.000150
2026-04-10 16:37:24,231 - INFO - Epoch 21 - Loss: 0.3620 | Acc: 0.7624 | F1: 0.6847 | LR: 0.000150
2026-04-10 16:40:00,588 - INFO - Epoch 22 - Loss: 0.3628 | Acc: 0.7901 | F1: 0.6901 | LR: 0.000150
2026-04-10 16:42:42,877 - INFO - Epoch 23 - Loss: 0.3618 | Acc: 0.7680 | F1: 0.6738 | LR: 0.000075
2026-04-10 16:42:42,877 - INFO - Early stopping triggered! No improvement in F1 for 12 epochs.
2026-04-10 16:42:42,877 - INFO - 
==================== Final Best Report (F1) ====================
2026-04-10 16:42:42,877 - INFO - 
                  precision    recall  f1-score   support

       NoPackage       0.90      0.69      0.78        13
       NoWaybill       0.85      0.90      0.87       112
TruncatedBarcode       0.70      0.51      0.59        37
 WrinkledWaybill       0.72      0.95      0.82        19

        accuracy                           0.81       181
       macro avg       0.79      0.76      0.77       181
    weighted avg       0.81      0.81      0.80       181

2026-04-10 16:42:42,877 - INFO - Training Complete. Best F1: 0.7672, Best Acc: 0.8177
2026-04-10 16:42:42,877 - INFO - 
=== Best Model Classification Report ===
2026-04-10 16:42:42,877 - INFO - 
                  precision    recall  f1-score   support

       NoPackage       0.90      0.69      0.78        13
       NoWaybill       0.85      0.90      0.87       112
TruncatedBarcode       0.70      0.51      0.59        37
 WrinkledWaybill       0.72      0.95      0.82        19

        accuracy                           0.81       181
       macro avg       0.79      0.76      0.77       181
    weighted avg       0.81      0.81      0.80       181

